<?xml version="1.0" encoding="UTF-8"?>
<!-- Generated by org.testng.reporters.JUnitReportReporter -->
<testsuite hostname="Likhith" failures="0" tests="1" name="Sample.Demo" time="0.016" errors="0" timestamp="2024-11-15T09:59:39 IST" skipped="0">
  <testcase classname="Sample.Demo" name="sample" time="0.016"/>
</testsuite> <!-- Sample.Demo -->
